[    0.000000] Linux version 4.15.0-197-generic (buildd@lcy02-amd64-110) (gcc version 7.5.0 (Ubuntu 7.5.0-3ubuntu1~18.04)) #208-Ubuntu SMP Tue Nov 1 17:23:37 UTC 2022 (Ubuntu 4.15.0-197.208-generic 4.15.18)
[    0.000000] Command line: BOOT_IMAGE=/boot/vmlinuz-4.15.0-197-generic root=LABEL=cloudimg-rootfs ro console=tty1 console=ttyS0
[    0.000000] KERNEL supported cpus:
[    0.000000]   Intel GenuineIntel
[    0.000000]   AMD AuthenticAMD
[    0.000000]   Centaur CentaurHauls
[    0.000000] x86/fpu: Supporting XSAVE feature 0x001: 'x87 floating point registers'
[    0.000000] x86/fpu: Supporting XSAVE feature 0x002: 'SSE registers'
[    0.000000] x86/fpu: Supporting XSAVE feature 0x004: 'AVX registers'
[    0.000000] x86/fpu: xstate_offset[2]:  576, xstate_sizes[2]:  256
[    0.000000] x86/fpu: Enabled xstate features 0x7, context size is 832 bytes, using 'standard' format.
[    0.000000] e820: BIOS-provided physical RAM map:
[    0.000000] BIOS-e820: [mem 0x0000000000000000-0x000000000009fbff] usable
[    0.000000] BIOS-e820: [mem 0x000000000009fc00-0x000000000009ffff] reserved
[    0.000000] BIOS-e820: [mem 0x00000000000f0000-0x00000000000fffff] reserved
[    0.000000] BIOS-e820: [mem 0x0000000000100000-0x000000003ffeffff] usable
[    0.000000] BIOS-e820: [mem 0x000000003fff0000-0x000000003fffffff] ACPI data
[    0.000000] BIOS-e820: [mem 0x00000000fec00000-0x00000000fec00fff] reserved
[    0.000000] BIOS-e820: [mem 0x00000000fee00000-0x00000000fee00fff] reserved
[    0.000000] BIOS-e820: [mem 0x00000000fffc0000-0x00000000ffffffff] reserved
[    0.000000] NX (Execute Disable) protection: active
[    0.000000] SMBIOS 2.5 present.
[    0.000000] DMI: innotek GmbH VirtualBox/VirtualBox, BIOS VirtualBox 12/01/2006
[    0.000000] Hypervisor detected: KVM
[    0.000000] e820: last_pfn = 0x3fff0 max_arch_pfn = 0x400000000
[    0.000000] MTRR: Disabled
[    0.000000] x86/PAT: MTRRs disabled, skipping PAT initialization too.
[    0.000000] CPU MTRRs all blank - virtualized system.
[    0.000000] x86/PAT: Configuration [0-7]: WB  WT  UC- UC  WB  WT  UC- UC  
[    0.000000] found SMP MP-table at [mem 0x0009fff0-0x0009ffff]
[    0.000000] Scanning 1 areas for low memory corruption
[    0.000000] RAMDISK: [mem 0x359c7000-0x36cdafff]
[    0.000000] ACPI: Early table checksum verification disabled
[    0.000000] ACPI: RSDP 0x00000000000E0000 000024 (v02 VBOX  )
[    0.000000] ACPI: XSDT 0x000000003FFF0030 00003C (v01 VBOX   VBOXXSDT 00000001 ASL  00000061)
[    0.000000] ACPI: FACP 0x000000003FFF00F0 0000F4 (v04 VBOX   VBOXFACP 00000001 ASL  00000061)
[    0.000000] ACPI: DSDT 0x000000003FFF0610 002353 (v02 VBOX   VBOXBIOS 00000002 INTL 20100528)
[    0.000000] ACPI: FACS 0x000000003FFF0200 000040
[    0.000000] ACPI: FACS 0x000000003FFF0200 000040
[    0.000000] ACPI: APIC 0x000000003FFF0240 00005C (v02 VBOX   VBOXAPIC 00000001 ASL  00000061)
[    0.000000] ACPI: SSDT 0x000000003FFF02A0 00036C (v01 VBOX   VBOXCPUT 00000002 INTL 20100528)
[    0.000000] ACPI: Reserving FACP table memory at [mem 0x3fff00f0-0x3fff01e3]
[    0.000000] ACPI: Reserving DSDT table memory at [mem 0x3fff0610-0x3fff2962]
[    0.000000] ACPI: Reserving FACS table memory at [mem 0x3fff0200-0x3fff023f]
[    0.000000] ACPI: Reserving FACS table memory at [mem 0x3fff0200-0x3fff023f]
[    0.000000] ACPI: Reserving APIC table memory at [mem 0x3fff0240-0x3fff029b]
[    0.000000] ACPI: Reserving SSDT table memory at [mem 0x3fff02a0-0x3fff060b]
[    0.000000] No NUMA configuration found
[    0.000000] Faking a node at [mem 0x0000000000000000-0x000000003ffeffff]
[    0.000000] NODE_DATA(0) allocated [mem 0x3ffc5000-0x3ffeffff]
[    0.000000] kvm-clock: cpu 0, msr 0:3ff44001, primary cpu clock
[    0.000000] kvm-clock: Using msrs 4b564d01 and 4b564d00
[    0.000000] kvm-clock: using sched offset of 12733451645 cycles
[    0.000000] clocksource: kvm-clock: mask: 0xffffffffffffffff max_cycles: 0x1cd42e4dffb, max_idle_ns: 881590591483 ns
[    0.000000] Zone ranges:
[    0.000000]   DMA      [mem 0x0000000000001000-0x0000000000ffffff]
[    0.000000]   DMA32    [mem 0x0000000001000000-0x000000003ffeffff]
[    0.000000]   Normal   empty
[    0.000000]   Device   empty
[    0.000000] Movable zone start for each node
[    0.000000] Early memory node ranges
[    0.000000]   node   0: [mem 0x0000000000001000-0x000000000009efff]
[    0.000000]   node   0: [mem 0x0000000000100000-0x000000003ffeffff]
[    0.000000] Reserved but unavailable: 104 pages
[    0.000000] Initmem setup node 0 [mem 0x0000000000001000-0x000000003ffeffff]
[    0.000000] ACPI: PM-Timer IO Port: 0x4008
[    0.000000] IOAPIC[0]: apic_id 2, version 32, address 0xfec00000, GSI 0-23
[    0.000000] ACPI: INT_SRC_OVR (bus 0 bus_irq 0 global_irq 2 dfl dfl)
[    0.000000] ACPI: INT_SRC_OVR (bus 0 bus_irq 9 global_irq 9 low level)
[    0.000000] Using ACPI (MADT) for SMP configuration information
[    0.000000] smpboot: Allowing 2 CPUs, 0 hotplug CPUs
[    0.000000] PM: Registered nosave memory: [mem 0x00000000-0x00000fff]
[    0.000000] PM: Registered nosave memory: [mem 0x0009f000-0x0009ffff]
[    0.000000] PM: Registered nosave memory: [mem 0x000a0000-0x000effff]
[    0.000000] PM: Registered nosave memory: [mem 0x000f0000-0x000fffff]
[    0.000000] e820: [mem 0x40000000-0xfebfffff] available for PCI devices
[    0.000000] Booting paravirtualized kernel on KVM
[    0.000000] clocksource: refined-jiffies: mask: 0xffffffff max_cycles: 0xffffffff, max_idle_ns: 7645519600211568 ns
[    0.000000] setup_percpu: NR_CPUS:8192 nr_cpumask_bits:2 nr_cpu_ids:2 nr_node_ids:1
[    0.000000] percpu: Embedded 50 pages/cpu s167936 r8192 d28672 u1048576
[    0.000000] PV qspinlock hash table entries: 256 (order: 0, 4096 bytes)
[    0.000000] Built 1 zonelists, mobility grouping on.  Total pages: 257913
[    0.000000] Policy zone: DMA32
[    0.000000] Kernel command line: BOOT_IMAGE=/boot/vmlinuz-4.15.0-197-generic root=LABEL=cloudimg-rootfs ro console=tty1 console=ttyS0
[    0.000000] Memory: 982644K/1048120K available (12300K kernel code, 2477K rwdata, 4320K rodata, 2472K init, 2720K bss, 65476K reserved, 0K cma-reserved)
[    0.000000] SLUB: HWalign=64, Order=0-3, MinObjects=0, CPUs=2, Nodes=1
[    0.000000] Kernel/User page tables isolation: enabled
[    0.000000] ftrace: allocating 39478 entries in 155 pages
[    0.004000] Hierarchical RCU implementation.
[    0.004000] 	RCU restricting CPUs from NR_CPUS=8192 to nr_cpu_ids=2.
[    0.004000] 	Tasks RCU enabled.
[    0.004000] RCU: Adjusting geometry for rcu_fanout_leaf=16, nr_cpu_ids=2
[    0.004000] NR_IRQS: 524544, nr_irqs: 440, preallocated irqs: 16
[    0.004000] Console: colour VGA+ 80x25
[    0.004000] console [tty1] enabled
[    0.004000] console [ttyS0] enabled
[    0.004000] ACPI: Core revision 20170831
[    0.004000] ACPI: 2 ACPI AML tables successfully acquired and loaded
[    0.004000] APIC: Switch to symmetric I/O mode setup
[    0.004000] x2apic enabled
[    0.004016] Switched APIC routing to physical x2apic.
[    0.012000] ..TIMER: vector=0x30 apic1=0 pin1=2 apic2=-1 pin2=-1
[    0.012006] tsc: Detected 2394.568 MHz processor
[    0.016020] Calibrating delay loop (skipped) preset value.. 4789.13 BogoMIPS (lpj=9578272)
[    0.020006] pid_max: default: 32768 minimum: 301
[    0.024169] Security Framework initialized
[    0.026461] Yama: becoming mindful.
[    0.028066] AppArmor: AppArmor initialized
[    0.033811] Dentry cache hash table entries: 131072 (order: 8, 1048576 bytes)
[    0.036152] Inode-cache hash table entries: 65536 (order: 7, 524288 bytes)
[    0.040043] Mount-cache hash table entries: 2048 (order: 2, 16384 bytes)
[    0.044014] Mountpoint-cache hash table entries: 2048 (order: 2, 16384 bytes)
[    0.048738] Last level iTLB entries: 4KB 512, 2MB 8, 4MB 8
[    0.051195] Last level dTLB entries: 4KB 512, 2MB 32, 4MB 32, 1GB 0
[    0.052006] Spectre V1 : Mitigation: usercopy/swapgs barriers and __user pointer sanitization
[    0.056008] Spectre V2 : Mitigation: Retpolines
[    0.060004] Spectre V2 : Spectre v2 / SpectreRSB mitigation: Filling RSB on context switch
[    0.064005] Speculative Store Bypass: Vulnerable
[    0.068097] MDS: Mitigation: Clear CPU buffers
[    0.070995] Freeing SMP alternatives memory: 36K
[    0.185869] smpboot: CPU0: Intel(R) Core(TM) i3-3110M CPU @ 2.40GHz (family: 0x6, model: 0x3a, stepping: 0x9)
[    0.188368] Performance Events: unsupported p6 CPU model 58 no PMU driver, software events only.
[    0.192194] Hierarchical SRCU implementation.
[    0.197032] NMI watchdog: Perf event create on CPU 0 failed with -2
[    0.200013] NMI watchdog: Perf NMI watchdog permanently disabled
[    0.204200] smp: Bringing up secondary CPUs ...
[    0.208400] x86: Booting SMP configuration:
[    0.210794] .... node  #0, CPUs:      #1
[    0.004000] kvm-clock: cpu 1, msr 0:3ff44041, secondary cpu clock
[    0.218302] smp: Brought up 1 node, 2 CPUs
[    0.220022] smpboot: Max logical packages: 1
[    0.224015] smpboot: Total of 2 processors activated (9578.27 BogoMIPS)
[    0.228603] devtmpfs: initialized
[    0.230184] x86/mm: Memory block size: 128MB
[    0.232765] evm: security.selinux
[    0.236016] evm: security.SMACK64
[    0.240009] evm: security.SMACK64EXEC
[    0.242677] evm: security.SMACK64TRANSMUTE
[    0.244011] evm: security.SMACK64MMAP
[    0.248019] evm: security.apparmor
[    0.250251] evm: security.ima
[    0.252012] evm: security.capability
[    0.256306] clocksource: jiffies: mask: 0xffffffff max_cycles: 0xffffffff, max_idle_ns: 7645041785100000 ns
[    0.260022] futex hash table entries: 512 (order: 3, 32768 bytes)
[    0.264158] pinctrl core: initialized pinctrl subsystem
[    0.269940] RTC time:  4:56:54, date: 12/01/22
[    0.272838] NET: Registered protocol family 16
[    0.276425] audit: initializing netlink subsys (disabled)
[    0.280103] audit: type=2000 audit(1669870628.607:1): state=initialized audit_enabled=0 res=1
[    0.288021] cpuidle: using governor ladder
[    0.290672] cpuidle: using governor menu
[    0.292191] ACPI: bus type PCI registered
[    0.296044] acpiphp: ACPI Hot Plug PCI Controller Driver version: 0.5
[    0.300371] PCI: Using configuration type 1 for base access
[    0.309849] HugeTLB registered 2.00 MiB page size, pre-allocated 0 pages
[    0.312237] ACPI: Added _OSI(Module Device)
[    0.316017] ACPI: Added _OSI(Processor Device)
[    0.318420] ACPI: Added _OSI(3.0 _SCP Extensions)
[    0.320007] ACPI: Added _OSI(Processor Aggregator Device)
[    0.324012] ACPI: Added _OSI(Linux-Dell-Video)
[    0.326480] ACPI: Added _OSI(Linux-Lenovo-NV-HDMI-Audio)
[    0.328008] ACPI: Added _OSI(Linux-HPI-Hybrid-Graphics)
[    0.332738] ACPI: Executed 1 blocks of module-level executable AML code
[    0.356166] ACPI: Interpreter enabled
[    0.358187] ACPI: (supports S0 S5)
[    0.360000] ACPI: Using IOAPIC for interrupt routing
[    0.361134] PCI: Using host bridge windows from ACPI; if necessary, use "pci=nocrs" and report a bug
[    0.368557] ACPI: Enabled 2 GPEs in block 00 to 07
[    0.398325] ACPI: PCI Root Bridge [PCI0] (domain 0000 [bus 00-ff])
[    0.400018] acpi PNP0A03:00: _OSC: OS supports [ASPM ClockPM Segments MSI]
[    0.406462] acpi PNP0A03:00: _OSC: not requesting OS control; OS requires [ExtendedConfig ASPM ClockPM MSI]
[    0.408037] acpi PNP0A03:00: fail to add MMCONFIG information, can't access extended PCI configuration space under this bridge.
[    0.413261] PCI host bridge to bus 0000:00
[    0.416009] pci_bus 0000:00: root bus resource [io  0x0000-0x0cf7 window]
[    0.420010] pci_bus 0000:00: root bus resource [io  0x0d00-0xffff window]
[    0.423000] pci_bus 0000:00: root bus resource [mem 0x000a0000-0x000bffff window]
[    0.424039] pci_bus 0000:00: root bus resource [mem 0x40000000-0xfdffffff window]
[    0.428014] pci_bus 0000:00: root bus resource [bus 00-ff]
[    0.440295] pci 0000:00:01.1: legacy IDE quirk: reg 0x10: [io  0x01f0-0x01f7]
[    0.443811] pci 0000:00:01.1: legacy IDE quirk: reg 0x14: [io  0x03f6]
[    0.444009] pci 0000:00:01.1: legacy IDE quirk: reg 0x18: [io  0x0170-0x0177]
[    0.448009] pci 0000:00:01.1: legacy IDE quirk: reg 0x1c: [io  0x0376]
[    0.485138] pci 0000:00:07.0: quirk: [io  0x4000-0x403f] claimed by PIIX4 ACPI
[    0.488033] pci 0000:00:07.0: quirk: [io  0x4100-0x410f] claimed by PIIX4 SMB
[    0.508074] ACPI: PCI Interrupt Link [LNKA] (IRQs 5 9 10 *11)
[    0.513461] ACPI: PCI Interrupt Link [LNKB] (IRQs 5 9 *10 11)
[    0.516436] ACPI: PCI Interrupt Link [LNKC] (IRQs 5 *9 10 11)
[    0.520413] ACPI: PCI Interrupt Link [LNKD] (IRQs 5 9 10 *11)
[    0.525229] SCSI subsystem initialized
[    0.528125] pci 0000:00:02.0: vgaarb: setting as boot VGA device
[    0.531738] pci 0000:00:02.0: vgaarb: VGA device added: decodes=io+mem,owns=io+mem,locks=none
[    0.532030] pci 0000:00:02.0: vgaarb: bridge control possible
[    0.536006] vgaarb: loaded
[    0.537669] ACPI: bus type USB registered
[    0.540115] usbcore: registered new interface driver usbfs
[    0.544037] usbcore: registered new interface driver hub
[    0.547505] usbcore: registered new device driver usb
[    0.548159] EDAC MC: Ver: 3.0.0
[    0.552603] PCI: Using ACPI for IRQ routing
[    0.556731] NetLabel: Initializing
[    0.558792] NetLabel:  domain hash size = 128
[    0.560007] NetLabel:  protocols = UNLABELED CIPSOv4 CALIPSO
[    0.564075] NetLabel:  unlabeled traffic allowed by default
[    0.568146] clocksource: Switched to clocksource kvm-clock
[    0.622170] VFS: Disk quotas dquot_6.6.0
[    0.624703] VFS: Dquot-cache hash table entries: 512 (order 0, 4096 bytes)
[    0.629366] AppArmor: AppArmor Filesystem Enabled
[    0.631916] pnp: PnP ACPI init
[    0.638077] pnp: PnP ACPI: found 3 devices
[    0.655415] clocksource: acpi_pm: mask: 0xffffff max_cycles: 0xffffff, max_idle_ns: 2085701024 ns
[    0.660846] NET: Registered protocol family 2
[    0.663569] IP idents hash table entries: 16384 (order: 5, 131072 bytes)
[    0.669843] TCP established hash table entries: 8192 (order: 4, 65536 bytes)
[    0.673604] TCP bind hash table entries: 8192 (order: 5, 131072 bytes)
[    0.677434] TCP: Hash tables configured (established 8192 bind 8192)
[    0.680919] UDP hash table entries: 512 (order: 2, 16384 bytes)
[    0.683875] UDP-Lite hash table entries: 512 (order: 2, 16384 bytes)
[    0.687380] NET: Registered protocol family 1
[    0.689717] pci 0000:00:00.0: Limiting direct PCI/PCI transfers
[    0.692763] pci 0000:00:01.0: Activating ISA DMA hang workarounds
[    0.696573] pci 0000:00:02.0: Video device with shadowed ROM at [mem 0x000c0000-0x000dffff]
[    0.701438] Unpacking initramfs...
[    1.616127] Freeing initrd memory: 19536K
[    1.619322] clocksource: tsc: mask: 0xffffffffffffffff max_cycles: 0x22842c157b2, max_idle_ns: 440795207221 ns
[    1.625824] platform rtc_cmos: registered platform RTC device (no PNP device found)
[    1.630301] Scanning for low memory corruption every 60 seconds
[    1.635590] Initialise system trusted keyrings
[    1.637906] Key type blacklist registered
[    1.640093] workingset: timestamp_bits=36 max_order=18 bucket_order=0
[    1.648920] zbud: loaded
[    1.651921] squashfs: version 4.0 (2009/01/31) Phillip Lougher
[    1.655958] fuse init (API version 7.26)
[    1.663462] Key type asymmetric registered
[    1.665461] Asymmetric key parser 'x509' registered
[    1.668237] Block layer SCSI generic (bsg) driver version 0.4 loaded (major 246)
[    1.672327] io scheduler noop registered
[    1.674567] io scheduler deadline registered
[    1.677101] io scheduler cfq registered (default)
[    1.680577] ACPI: AC Adapter [AC] (off-line)
[    1.682877] input: Power Button as /devices/LNXSYSTM:00/LNXPWRBN:00/input/input0
[    1.686739] ACPI: Power Button [PWRF]
[    1.688753] input: Sleep Button as /devices/LNXSYSTM:00/LNXSLPBN:00/input/input1
[    1.692514] ACPI: Sleep Button [SLPF]
[    1.695269] Serial: 8250/16550 driver, 32 ports, IRQ sharing enabled
[    1.698824] ACPI: Battery Slot [BAT0] (battery present)
[    1.723129] 00:02: ttyS0 at I/O 0x3f8 (irq = 4, base_baud = 115200) is a 16550A
[    1.732477] Linux agpgart interface v0.103
[    1.739143] loop: module loaded
[    1.742749] scsi host0: ata_piix
[    1.745056] scsi host1: ata_piix
[    1.746954] ata1: PATA max UDMA/33 cmd 0x1f0 ctl 0x3f6 bmdma 0xd000 irq 14
[    1.750901] ata2: PATA max UDMA/33 cmd 0x170 ctl 0x376 bmdma 0xd008 irq 15
[    1.754894] tun: Universal TUN/TAP device driver, 1.6
[    1.757680] PPP generic driver version 2.4.2
[    1.760034] ehci_hcd: USB 2.0 'Enhanced' Host Controller (EHCI) Driver
[    1.763374] ehci-pci: EHCI PCI platform driver
[    1.765792] ehci-platform: EHCI generic platform driver
[    1.768441] ohci_hcd: USB 1.1 'Open' Host Controller (OHCI) Driver
[    1.771613] ohci-pci: OHCI PCI platform driver
[    1.773917] ohci-platform: OHCI generic platform driver
[    1.776782] uhci_hcd: USB Universal Host Controller Interface driver
[    1.780169] i8042: PNP: PS/2 Controller [PNP0303:PS2K,PNP0f03:PS2M] at 0x60,0x64 irq 1,12
[    1.785501] serio: i8042 KBD port at 0x60,0x64 irq 1
[    1.788476] serio: i8042 AUX port at 0x60,0x64 irq 12
[    1.791335] mousedev: PS/2 mouse device common for all mice
[    1.795236] rtc_cmos rtc_cmos: rtc core: registered rtc_cmos as rtc0
[    1.798919] input: AT Translated Set 2 keyboard as /devices/platform/i8042/serio0/input/input2
[    1.803504] rtc_cmos rtc_cmos: alarms up to one day, 114 bytes nvram
[    1.806684] i2c /dev entries driver
[    1.808822] device-mapper: uevent: version 1.0.3
[    1.811662] device-mapper: ioctl: 4.37.0-ioctl (2017-09-20) initialised: dm-devel@redhat.com
[    1.816107] ledtrig-cpu: registered to indicate activity on CPUs
[    1.820767] NET: Registered protocol family 10
[    1.831930] Segment Routing with IPv6
[    1.834109] NET: Registered protocol family 17
[    1.836790] Key type dns_resolver registered
[    1.839589] mce: Using 0 MCE banks
[    1.841698] RAS: Correctable Errors collector initialized.
[    1.844341] sched_clock: Marking stable (1841643216, 0)->(2380730461, -539087245)
[    1.849519] registered taskstats version 1
[    1.851615] Loading compiled-in X.509 certificates
[    1.859821] Loaded X.509 cert 'Build time autogenerated kernel key: ffc9dd3886e7b6bb89620497cc57c4262b59bc54'
[    1.866232] Loaded X.509 cert 'Canonical Ltd. Live Patch Signing: 14df34d1a87cf37625abec039ef2bf521249b969'
[    1.872763] Loaded X.509 cert 'Canonical Ltd. Kernel Module Signing: 88f752e560a1e0737e31163a466ad7b70a850c19'
[    1.878098] blacklist: Loading compiled-in revocation X.509 certificates
[    1.881783] Loaded X.509 cert 'Canonical Ltd. Secure Boot Signing: 61482aa2830d0ab2ad5af10b7250da9033ddcef0'
[    1.887186] zswap: loaded using pool lzo/zbud
[    1.897696] Key type big_key registered
[    1.900196] Key type trusted registered
[    1.907289] Key type encrypted registered
[    1.909549] AppArmor: AppArmor sha1 policy hashing enabled
[    1.912119] ima: No TPM chip found, activating TPM-bypass! (rc=-19)
[    1.917193] ima: Allocated hash algorithm: sha1
[    1.920268] evm: HMAC attrs: 0x1
[    1.922860]   Magic number: 2:424:918
[    1.929935] rtc_cmos rtc_cmos: setting system clock to 2022-12-01 04:56:56 UTC (1669870616)
[    1.944317] BIOS EDD facility v0.16 2004-Jun-25, 0 devices found
[    1.947452] EDD information not available.
[    1.963482] Freeing unused kernel image memory: 2472K
[    1.972131] Write protecting the kernel read-only data: 20480k
[    1.977436] Freeing unused kernel image memory: 2008K
[    1.981241] Freeing unused kernel image memory: 1824K
[    2.029041] x86/mm: Checked W+X mappings: passed, no W+X pages found.
[    2.032252] x86/mm: Checking user space page tables
[    2.080689] x86/mm: Checked W+X mappings: passed, no W+X pages found.
Loading, please wait...
starting version 237
[    2.322672] e1000: Intel(R) PRO/1000 Network Driver - version 7.3.21-k8-NAPI
[    2.327031] e1000: Copyright (c) 1999-2006 Intel Corporation.
[    2.333510] Fusion MPT base driver 3.04.20
[    2.336391] Copyright (c) 1999-2008 LSI Corporation
[    2.395202] Fusion MPT SPI Host driver 3.04.20
[    2.562428] input: ImExPS/2 Generic Explorer Mouse as /devices/platform/i8042/serio1/input/input4
[    3.335960] e1000 0000:00:03.0 eth0: (PCI:33MHz:32-bit) 02:a6:12:9f:2a:1a
[    3.340440] e1000 0000:00:03.0 eth0: Intel(R) PRO/1000 Network Connection
[    3.349755] e1000 0000:00:03.0 enp0s3: renamed from eth0
[    3.354156] mptbase: ioc0: Initiating bringup
[    4.303625] ioc0: LSI53C1030 A0: Capabilities={Initiator}
[    6.436069] scsi host2: ioc0: LSI53C1030 A0, FwRev=00000000h, Ports=1, MaxQ=256, IRQ=20
[    7.718976] scsi 2:0:0:0: Direct-Access     VBOX     HARDDISK         1.0  PQ: 0 ANSI: 5
[    7.760296] scsi target2:0:0: Beginning Domain Validation
[    7.772345] scsi target2:0:0: Domain Validation skipping write tests
[    7.778026] scsi target2:0:0: Ending Domain Validation
[    7.783797] scsi target2:0:0: asynchronous
[    7.790478] scsi 2:0:1:0: Direct-Access     VBOX     HARDDISK         1.0  PQ: 0 ANSI: 5
[    7.828821] scsi target2:0:1: Beginning Domain Validation
[    7.841422] scsi target2:0:1: Domain Validation skipping write tests
[    7.847557] scsi target2:0:1: Ending Domain Validation
[    7.853172] scsi target2:0:1: asynchronous
[    7.879743] sd 2:0:0:0: [sda] 83886080 512-byte logical blocks: (42.9 GB/40.0 GiB)
[    7.888338] sd 2:0:0:0: Attached scsi generic sg0 type 0
[    7.894512] sd 2:0:0:0: [sda] Write Protect is off
[    7.897334] sd 2:0:1:0: Attached scsi generic sg1 type 0
[    7.908414] sd 2:0:0:0: [sda] Incomplete mode parameter data
[    7.915380] sd 2:0:0:0: [sda] Assuming drive cache: write through
[    7.920409] sd 2:0:1:0: [sdb] 20480 512-byte logical blocks: (10.5 MB/10.0 MiB)
[    7.929534] sd 2:0:1:0: [sdb] Write Protect is off
[    7.933577] sd 2:0:1:0: [sdb] Incomplete mode parameter data
[    7.937136] sd 2:0:1:0: [sdb] Assuming drive cache: write through
[    7.952607]  sda: sda1
[    7.956858] sd 2:0:0:0: [sda] Attached SCSI disk
[    7.963655] sd 2:0:1:0: [sdb] Attached SCSI disk
Begin: Loading essential drivers ... [   10.512208] raid6: sse2x1   gen()  2003 MB/s
[   10.560054] raid6: sse2x1   xor()  1295 MB/s
[   10.608907] raid6: sse2x2   gen()  4205 MB/s
[   10.656671] raid6: sse2x2   xor()  2081 MB/s
[   10.704548] raid6: sse2x4   gen()  5029 MB/s
[   10.752362] raid6: sse2x4   xor()  2864 MB/s
[   10.754695] raid6: using algorithm sse2x4 gen() 5029 MB/s
[   10.757356] raid6: .... xor() 2864 MB/s, rmw enabled
[   10.759823] raid6: using ssse3x2 recovery algorithm
[   10.765123] xor: automatically using best checksumming function   avx       
[   10.771184] async_tx: api initialized (async)
done.
Begin: Running /scripts/init-premount ... done.
Begin: Mounting root file system ... Begin: Running /scripts/local-top ... done.
Begin: Running /scripts/local-premount ... [   10.916242] Btrfs loaded, crc32c=crc32c-intel
Scanning for Btrfs filesystems
done.
Warning: fsck not present, so skipping root file system
[   11.111997] EXT4-fs (sda1): mounted filesystem with ordered data mode. Opts: (null)
done.
Begin: Running /scripts/local-bottom ... done.
Begin: Running /scripts/init-bottom ... done.
[   12.849490] ip_tables: (C) 2000-2006 Netfilter Core Team
[   12.992758] systemd[1]: systemd 237 running in system mode. (+PAM +AUDIT +SELINUX +IMA +APPARMOR +SMACK +SYSVINIT +UTMP +LIBCRYPTSETUP +GCRYPT +GNUTLS +ACL +XZ +LZ4 +SECCOMP +BLKID +ELFUTILS +KMOD -IDN2 +IDN -PCRE2 default-hierarchy=hybrid)
[   13.012708] systemd[1]: Detected virtualization oracle.
[   13.018674] systemd[1]: Detected architecture x86-64.

Welcome to [1mUbuntu 18.04.6 LTS[0m!

[   13.089419] systemd[1]: Set hostname to <ubuntu>.
[   13.152590] random: systemd: uninitialized urandom read (16 bytes read)
[   13.159144] systemd[1]: Initializing machine ID from random generator.
[   13.165436] systemd[1]: Installed transient /etc/machine-id file.
[   14.376437] random: crng init done
[   15.844314] systemd[1]: Set up automount Arbitrary Executable File Formats File System Automount Point.
[[0;32m  OK  [0m] Set up automount Arbitrary Executab…rmats File System Automount Point.
[   15.865073] systemd[1]: Created slice System Slice.
[[0;32m  OK  [0m] Created slice System Slice.
[   15.874847] systemd[1]: Listening on LVM2 poll daemon socket.
[[0;32m  OK  [0m] Listening on LVM2 poll daemon socket.
[   16.221205] systemd[1]: Listening on /dev/initctl Compatibility Named Pipe.
[[0;32m  OK  [0m] Listening on /dev/initctl Compatibility Named Pipe.
[[0;32m  OK  [0m] Listening on fsck to fsckd communication Socket.
[[0;32m  OK  [0m] Listening on udev Kernel Socket.
[[0;32m  OK  [0m] Listening on Network Service Netlink Socket.
[[0;32m  OK  [0m] Listening on Journal Socket.
         Mounting Huge Pages File System...
         Starting Uncomplicated firewall...
[[0;32m  OK  [0m] Listening on Journal Socket (/dev/log).
         Mounting Kernel Debug File System...
         Starting Create list of required st…ce nodes for the current kernel...
         Starting Load Kernel Modules...
         Mounting POSIX Message Queue File System...
[[0;32m  OK  [0m] Listening on Syslog Socket.
         Starting File System Check on Root Device...
[[0;32m  OK  [0m] Listening on udev Control Socket.
         Starting udev Coldplug all Devices...
[[0;32m  OK  [0m] Reached target Swap.
[[0;32m  OK  [0m] Reached target System Time Synchronized.
[[0;32m  OK  [0m] Started Forward Password Requests to Wall Directory Watch.
[[0;32m  OK  [0m] Listening on Journal Audit Socket.
         Starting Set the console keyboard layout...
[[0;32m  OK  [0m] Reached target User and Group Name Lookups.
[[0;32m  OK  [0m] Listening on LVM2 metadata daemon socket.
[[0;32m  OK  [0m] Created slice User and Session Slice.
[[0;32m  OK  [0m] Reached target Slices.
[[0;32m  OK  [0m] Created slice system-serial\x2dgetty.slice.
         Starting Journal Service...
[[0;32m  OK  [0m] Listening on Device-mapper event daemon FIFOs.
         Starting Monitoring of LVM2 mirrors…ng dmeventd or progress polling...
[[0;32m  OK  [0m] Mounted Huge Pages File System.
[[0;32m  OK  [0m] Started Uncomplicated firewall.
[[0;32m  OK  [0m] Mounted Kernel Debug File System.
[[0;32m  OK  [0m] Started Create list of required sta…vice nodes for the current kernel.
[[0;32m  OK  [0m] Mounted POSIX Message Queue File System.
[[0;32m  OK  [0m] Started File System Check Daemon to report status.
         Starting Create Static Device Nodes in /dev...
[   16.690731] Loading iSCSI transport class v2.0-870.
[[0;32m  OK  [0m] Started udev Coldplug all Devices.
[[0;32m  OK  [0m] Started Journal Service.
[   17.228018] iscsi: registered transport (tcp)
[[0;32m  OK  [0m] Started File System Check on Root Device.
         Starting Remount Root and Kernel File Systems...
[[0;32m  OK  [0m] Started LVM2 metadata daemon.
[[0;32m  OK  [0m] Started Create Static Device Nodes in /dev.
[   17.753551] EXT4-fs (sda1): re-mounted. Opts: (null)
[[0;32m  OK  [0m] Started Remount Root and Kernel File Systems.
         Starting Flush Journal to Persistent Storage...
         Starting udev Kernel Device Manager...
         Starting Load/Save Random Seed...
[   17.870231] systemd-journald[382]: Received request to flush runtime journal from PID 1
[[0;32m  OK  [0m] Started Monitoring of LVM2 mirrors,…sing dmeventd or progress polling.
[[0;32m  OK  [0m] Started Load/Save Random Seed.
[[0;32m  OK  [0m] Started Flush Journal to Persistent Storage.
[   18.357106] iscsi: registered transport (iser)
[[0;32m  OK  [0m] Started Load Kernel Modules.
         Mounting Kernel Configuration File System...
         Starting Apply Kernel Variables...
         Mounting FUSE Control File System...
[[0;32m  OK  [0m] Mounted Kernel Configuration File System.
[[0;32m  OK  [0m] Mounted FUSE Control File System.
[[0;32m  OK  [0m] Started udev Kernel Device Manager.
[[0;32m  OK  [0m] Started Apply Kernel Variables.
[[0;32m  OK  [0m] Found device /dev/ttyS0.
[[0;32m  OK  [0m] Listening on Load/Save RF Kill Switch Status /dev/rfkill Watch.
         Mounting Arbitrary Executable File Formats File System...
[[0;32m  OK  [0m] Mounted Arbitrary Executable File Formats File System.
[[0;32m  OK  [0m] Started Set the console keyboard layout.
[[0;32m  OK  [0m] Started Dispatch Password Requests to Console Directory Watch.
[[0;32m  OK  [0m] Reached target Local Encrypted Volumes.
[[0;32m  OK  [0m] Reached target Local File Systems (Pre).
[[0;32m  OK  [0m] Reached target Local File Systems.
         Starting Create Volatile Files and Directories...
         Starting AppArmor initialization...
         Starting Tell Plymouth To Write Out Runtime Data...
         Starting ebtables ruleset management...
         Starting Commit a transient machine-id on disk...
         Starting Set console font and keymap...
[[0;32m  OK  [0m] Started Create Volatile Files and Directories.
         Starting Update UTMP about System Boot/Shutdown...
[[0;32m  OK  [0m] Started Tell Plymouth To Write Out Runtime Data.
[[0;32m  OK  [0m] Started Update UTMP about System Boot/Shutdown.
[[0;32m  OK  [0m] Started Commit a transient machine-id on disk.
[[0;32m  OK  [0m] Started ebtables ruleset management.
[[0;32m  OK  [0m] Started Set console font and keymap.
[[0;32m  OK  [0m] Started AppArmor initialization.
         Starting Load AppArmor profiles managed internally by snapd...
         Starting Initial cloud-init job (pre-networking)...
[[0;32m  OK  [0m] Started Load AppArmor profiles managed internally by snapd.
[   36.217793] cloud-init[857]: Cloud-init v. 22.3.4-0ubuntu1~18.04.1 running 'init-local' at Thu, 01 Dec 2022 04:57:29 +0000. Up 34.97 seconds.
[[0;32m  OK  [0m] Started Initial cloud-init job (pre-networking).
[[0;32m  OK  [0m] Reached target Network (Pre).
         Starting Network Service...
[[0;32m  OK  [0m] Started Network Service.
         Starting Wait for Network to be Configured...
         Starting Network Name Resolution...
[[0;32m  OK  [0m] Started Network Name Resolution.
[[0;32m  OK  [0m] Reached target Host and Network Name Lookups.
[[0;32m  OK  [0m] Reached target Network.
[[0;32m  OK  [0m] Started Wait for Network to be Configured.
         Starting Initial cloud-init job (metadata service crawler)...
[   39.850556] cloud-init[984]: Cloud-init v. 22.3.4-0ubuntu1~18.04.1 running 'init' at Thu, 01 Dec 2022 04:57:33 +0000. Up 39.27 seconds.
[   39.857515] cloud-init[984]: ci-info: ++++++++++++++++++++++++++++++++++++++Net device info++++++++++++++++++++++++++++++++++++++
[   39.863950] cloud-init[984]: ci-info: +--------+------+----------------------------+---------------+--------+-------------------+
[   39.868815] cloud-init[984]: ci-info: | Device |  Up  |          Address           |      Mask     | Scope  |     Hw-Address    |
[   39.873874] cloud-init[984]: ci-info: +--------+------+----------------------------+---------------+--------+-------------------+
[   39.879874] cloud-init[984]: ci-info: | enp0s3 | True |         10.0.2.15          | 255.255.255.0 | global | 02:a6:12:9f:2a:1a |
[   39.885885] cloud-init[984]: ci-info: | enp0s3 | True | fe80::a6:12ff:fe9f:2a1a/64 |       .       |  link  | 02:a6:12:9f:2a:1a |
[   39.890791] cloud-init[984]: ci-info: |   lo   | True |         127.0.0.1          |   255.0.0.0   |  host  |         .         |
[   39.904555] cloud-init[984]: ci-info: |   lo   | True |          ::1/128           |       .       |  host  |         .         |
[   39.915727] cloud-init[984]: ci-info: +--------+------+----------------------------+---------------+--------+-------------------+
[   39.920578] cloud-init[984]: ci-info: ++++++++++++++++++++++++++++Route IPv4 info+++++++++++++++++++++++++++++
[   39.924627] cloud-init[984]: ci-info: +-------+-------------+----------+-----------------+-----------+-------+
[   39.928920] cloud-init[984]: ci-info: | Route | Destination | Gateway  |     Genmask     | Interface | Flags |
[   39.933506] cloud-init[984]: ci-info: +-------+-------------+----------+-----------------+-----------+-------+
[   39.937847] cloud-init[984]: ci-info: |   0   |   0.0.0.0   | 10.0.2.2 |     0.0.0.0     |   enp0s3  |   UG  |
[   39.942341] cloud-init[984]: ci-info: |   1   |   10.0.2.0  | 0.0.0.0  |  255.255.255.0  |   enp0s3  |   U   |
[   39.946558] cloud-init[984]: ci-info: |   2   |   10.0.2.2  | 0.0.0.0  | 255.255.255.255 |   enp0s3  |   UH  |
[   39.950712] cloud-init[984]: ci-info: +-------+-------------+----------+-----------------+-----------+-------+
[   39.954961] cloud-init[984]: ci-info: +++++++++++++++++++Route IPv6 info+++++++++++++++++++
[   39.958735] cloud-init[984]: ci-info: +-------+-------------+---------+-----------+-------+
[   39.962766] cloud-init[984]: ci-info: | Route | Destination | Gateway | Interface | Flags |
[   39.966167] cloud-init[984]: ci-info: +-------+-------------+---------+-----------+-------+
[   39.969046] cloud-init[984]: ci-info: |   1   |  fe80::/64  |    ::   |   enp0s3  |   U   |
[   39.972372] cloud-init[984]: ci-info: |   3   |    local    |    ::   |   enp0s3  |   U   |
[   39.975901] cloud-init[984]: ci-info: |   4   |   ff00::/8  |    ::   |   enp0s3  |   U   |
[   39.979881] cloud-init[984]: ci-info: +-------+-------------+---------+-----------+-------+
[   43.456876] cloud-init[984]: Generating public/private rsa key pair.
[   43.459703] cloud-init[984]: Your identification has been saved in /etc/ssh/ssh_host_rsa_key.
[   43.462203] cloud-init[984]: Your public key has been saved in /etc/ssh/ssh_host_rsa_key.pub.
[   43.464606] cloud-init[984]: The key fingerprint is:
[   43.466483] cloud-init[984]: SHA256:icKgeLD6833wkuyZ7zWO7mZRvonLe3SibAj1SswWMhI root@ubuntu-bionic
[   43.469104] cloud-init[984]: The key's randomart image is:
[   43.470575] cloud-init[984]: +---[RSA 2048]----+
[   43.471918] cloud-init[984]: |                 |
[   43.473389] cloud-init[984]: |  E              |
[   43.474802] cloud-init[984]: |. ..             |
[   43.484494] cloud-init[984]: |.+.oo o. ..      |
[   43.486720] cloud-init[984]: |+ ..o*.oSo       |
[   43.488749] cloud-init[984]: |..  ..* o + .    |
[   43.490780] cloud-init[984]: |.    = B =o=     |
[   43.492903] cloud-init[984]: | ..  .*+X++.     |
[   43.494909] cloud-init[984]: |  .o..=@X+.      |
[   43.496982] cloud-init[984]: +----[SHA256]-----+
[   43.499273] cloud-init[984]: Generating public/private dsa key pair.
[   43.502082] cloud-init[984]: Your identification has been saved in /etc/ssh/ssh_host_dsa_key.
[   43.506008] cloud-init[984]: Your public key has been saved in /etc/ssh/ssh_host_dsa_key.pub.
[   43.509965] cloud-init[984]: The key fingerprint is:
[   43.512297] cloud-init[984]: SHA256:nYWihZiR8IqEsryBB3lYrxJpZvYc3+DcI5CvWJPqy/U root@ubuntu-bionic
[   43.516487] cloud-init[984]: The key's randomart image is:
[   43.519114] cloud-init[984]: +---[DSA 1024]----+
[   43.521634] cloud-init[984]: |  o...           |
[   43.523967] cloud-init[984]: |.= oo+ .   .     |
[   43.526026] cloud-init[984]: |O*.+=.. o . .    |
[   43.528435] cloud-init[984]: |X*ooO +o o o     |
[   43.531778] cloud-init[984]: |=o+* *.+S o      |
[   43.534315] cloud-init[984]: | o* o . .        |
[   43.536687] cloud-init[984]: | + o             |
[   43.538940] cloud-init[984]: |o . .            |
[   43.541198] cloud-init[984]: | +.  E           |
[   43.543323] cloud-init[984]: +----[SHA256]-----+
[   43.545563] cloud-init[984]: Generating public/private ecdsa key pair.
[   43.548689] cloud-init[984]: Your identification has been saved in /etc/ssh/ssh_host_ecdsa_key.
[   43.564503] cloud-init[984]: Your public key has been saved in /etc/ssh/ssh_host_ecdsa_key.pub.
[   43.567216] cloud-init[984]: The key fingerprint is:
[   43.569618] cloud-init[984]: SHA256:Cm0OXANOCmCsoroZ69r79CwTtflQB5tFnx1je0hbRPk root@ubuntu-bionic
[   43.584350] cloud-init[984]: The key's randomart image is:
[   43.596361] cloud-init[984]: +---[ECDSA 256]---+
[   43.598466] cloud-init[984]: |=.  o    ..   =o=|
[   43.600693] cloud-init[984]: |.o + .  . .. = O |
[   43.603024] cloud-init[984]: |. . . o  =  o = o|
[   43.605023] cloud-init[984]: |o  . o..+ .    .E|
[   43.607137] cloud-init[984]: |o   +.o+S.       |
[   43.608994] cloud-init[984]: |.   .=+.         |
[   43.611137] cloud-init[984]: |o   ..oo         |
[   43.613451] cloud-init[984]: |.= .oo  .        |
[   43.615690] cloud-init[984]: |Booo.oo          |
[   43.617697] cloud-init[984]: +----[SHA256]-----+
[   43.619907] cloud-init[984]: Generating public/private ed25519 key pair.
[   43.622776] cloud-init[984]: Your identification has been saved in /etc/ssh/ssh_host_ed25519_key.
[   43.626523] cloud-init[984]: Your public key has been saved in /etc/ssh/ssh_host_ed25519_key.pub.
[   43.630503] cloud-init[984]: The key fingerprint is:
[   43.632893] cloud-init[984]: SHA256:HxjP9gqIHFKxJ1GyFBshrR+moGaY8t67q2D4awUB5Ik root@ubuntu-bionic
[   43.636855] cloud-init[984]: The key's randomart image is:
[   43.639272] cloud-init[984]: +--[ED25519 256]--+
[   43.641459] cloud-init[984]: |oo..O+.          |
[   43.643145] cloud-init[984]: |o oo.O           |
[   43.645067] cloud-init[984]: |Eo o* . .        |
[   43.647054] cloud-init[984]: |. o.oo   =       |
[   43.649116] cloud-init[984]: |oo.=..  S =      |
[   43.651358] cloud-init[984]: |*o.ooo . o o     |
[   43.653671] cloud-init[984]: |*o .o . . . .    |
[   43.655889] cloud-init[984]: |.oo.     . .     |
[   43.658176] cloud-init[984]: | o=o=+    .      |
[   43.660453] cloud-init[984]: +----[SHA256]-----+
[[0;32m  OK  [0m] Started Initial cloud-init job (metadata service crawler).
[[0;32m  OK  [0m] Reached target Network is Online.
         Starting Availability of block devices...
[[0;32m  OK  [0m] Reached target Remote File Systems (Pre).
[[0;32m  OK  [0m] Reached target Remote File Systems.
[[0;32m  OK  [0m] Reached target System Initialization.
         Starting Socket activation for snappy daemon.
[[0;32m  OK  [0m] Started Daily Cleanup of Temporary Directories.
         Starting LXD - unix socket.
[[0;32m  OK  [0m] Listening on cloud-init hotplug hook socket.
[[0;32m  OK  [0m] Listening on ACPID Listen Socket.
[[0;32m  OK  [0m] Started Ubuntu Advantage Timer for running repeated jobs.
[[0;32m  OK  [0m] Listening on UUID daemon activation socket.
[[0;32m  OK  [0m] Listening on D-Bus System Message Bus Socket.
[[0;32m  OK  [0m] Listening on Open-iSCSI iscsid Socket.
[[0;32m  OK  [0m] Started Message of the Day.
[[0;32m  OK  [0m] Started Daily apt download activities.
[[0;32m  OK  [0m] Started Daily apt upgrade and clean activities.
[[0;32m  OK  [0m] Started Discard unused blocks once a week.
[[0;32m  OK  [0m] Reached target Timers.
[[0;32m  OK  [0m] Started ACPI Events Check.
[[0;32m  OK  [0m] Reached target Paths.
[[0;32m  OK  [0m] Reached target Cloud-config availability.
[[0;32m  OK  [0m] Started Availability of block devices.
[[0;32m  OK  [0m] Listening on Socket activation for snappy daemon.
[[0;32m  OK  [0m] Listening on LXD - unix socket.
[[0;32m  OK  [0m] Reached target Sockets.
[[0;32m  OK  [0m] Reached target Basic System.
         Starting Permit User Sessions...
         Starting System Logging Service...
         Starting Dispatcher daemon for systemd-networkd...
         Starting Pollinate to seed the pseudo random number generator...
[[0;32m  OK  [0m] Started FUSE filesystem for LXC.
         Starting LSB: automatic crash report generation...
         Starting LSB: Record successful boot for GRUB...
         Starting LXD - container startup/shutdown...
         Starting Accounts Service...
[[0;32m  OK  [0m] Started Deferred execution scheduler.
[[0;32m  OK  [0m] Started D-Bus System Message Bus.
[[0;32m  OK  [0m] Started irqbalance daemon.
[[0;32m  OK  [0m] Started Regular background program processing daemon.
         Starting Login Service...
         Starting Virtualbox guest utils...
[[0;32m  OK  [0m] Reached target Login Prompts (Pre).
         Starting Snap Daemon...
[[0;32m  OK  [0m] Started System Logging Service.
[[0;32m  OK  [0m] Started Permit User Sessions.
         Starting Authorization Manager...
         Starting Terminate Plymouth Boot Screen...
         Starting Hold until boot process finishes up...
[[0;32m  OK  [0m] Started Terminate Plymouth Boot Screen.
[[0;32m  OK  [0m] Started Hold until boot process finishes up.
[[0;32m  OK  [0m] Started Serial Getty on ttyS0.
         Starting Set console scheme...
[[0;32m  OK  [0m] Started LSB: automatic crash report generation.
[[0;32m  OK  [0m] Started Set console scheme.
[[0;32m  OK  [0m] Created slice system-getty.slice.
[[0;32m  OK  [0m] Started Getty on tty1.
[[0;32m  OK  [0m] Reached target Login Prompts.
[[0;32m  OK  [0m] Started Login Service.
[[0;32m  OK  [0m] Started Unattended Upgrades Shutdown.
[[0;32m  OK  [0m] Started LSB: Record successful boot for GRUB.
[[0;32m  OK  [0m] Started Authorization Manager.
[[0;32m  OK  [0m] Started Accounts Service.
[[0;32m  OK  [0m] Started Dispatcher daemon for systemd-networkd.
[[0;32m  OK  [0m] Started Virtualbox guest utils.
[[0;32m  OK  [0m] Started LXD - container startup/shutdown.
[[0;32m  OK  [0m] Started Snap Daemon.
         Starting Wait until snapd is fully seeded...
[[0;32m  OK  [0m] Started Pollinate to seed the pseudo random number generator.
         Starting OpenBSD Secure Shell server...

Ubuntu 18.04.6 LTS ubuntu-bionic ttyS0

ubuntu-bionic login: [   64.626370] cloud-init[1673]: Cloud-init v. 22.3.4-0ubuntu1~18.04.1 running 'modules:config' at Thu, 01 Dec 2022 04:57:54 +0000. Up 59.65 seconds.
ci-info: no authorized SSH keys fingerprints found for user ubuntu.
<14>Dec  1 04:58:01 cloud-init: #############################################################
<14>Dec  1 04:58:01 cloud-init: -----BEGIN SSH HOST KEY FINGERPRINTS-----
<14>Dec  1 04:58:01 cloud-init: 1024 SHA256:nYWihZiR8IqEsryBB3lYrxJpZvYc3+DcI5CvWJPqy/U root@ubuntu-bionic (DSA)
<14>Dec  1 04:58:01 cloud-init: 256 SHA256:Cm0OXANOCmCsoroZ69r79CwTtflQB5tFnx1je0hbRPk root@ubuntu-bionic (ECDSA)
<14>Dec  1 04:58:01 cloud-init: 256 SHA256:HxjP9gqIHFKxJ1GyFBshrR+moGaY8t67q2D4awUB5Ik root@ubuntu-bionic (ED25519)
<14>Dec  1 04:58:01 cloud-init: 2048 SHA256:icKgeLD6833wkuyZ7zWO7mZRvonLe3SibAj1SswWMhI root@ubuntu-bionic (RSA)
<14>Dec  1 04:58:01 cloud-init: -----END SSH HOST KEY FINGERPRINTS-----
<14>Dec  1 04:58:01 cloud-init: #############################################################
-----BEGIN SSH HOST KEY KEYS-----
ecdsa-sha2-nistp256 AAAAE2VjZHNhLXNoYTItbmlzdHAyNTYAAAAIbmlzdHAyNTYAAABBBHv4ahaV49NnqtQ121AOREfs78Crg4x/ZmdsBr4JedBXCdTw4Bxr77sVoaw+mG4dOyvUOof97o9XyCLcy/zBa+g= root@ubuntu-bionic
ssh-ed25519 AAAAC3NzaC1lZDI1NTE5AAAAIKL5wrFp1JEYetd9D0lvJkPL3OlQv6u4lsYUovCp09h+ root@ubuntu-bionic
ssh-rsa AAAAB3NzaC1yc2EAAAADAQABAAABAQDPA28bTv9jC4Jxx3yGonsgFE8j7fxelJSPayck4B4l19vMmedVU/Aqt1WfoMTwIE+sYcoAtaQ+tab3tewHUB2pyjQSA/FiNxeR0UIcPVxFXfkmTNSpAgWp+rh7CY9JrSwCubK+8TBFbOxjhzF501xqhy25hNBGd5tEY98PdjZW3pb6DqsQYduzy7IiaKlwC+fV7X1AbLBSYZg7Kn7GnGh0I+VRYDysLswTHdUvC+8B4bWS13IOvUj/YJ4eS3YwzwILQO7n3b3rmcxClbpp8/cqrGq1OJCFaNE3ZlNbek2N9N8NXgqNLSChApC+zfrNuFzWLPhor64GyJRb7SKpDneN root@ubuntu-bionic
-----END SSH HOST KEY KEYS-----
[   67.440229] cloud-init[1849]: Cloud-init v. 22.3.4-0ubuntu1~18.04.1 running 'modules:final' at Thu, 01 Dec 2022 04:58:01 +0000. Up 66.54 seconds.
[   67.440501] cloud-init[1849]: Cloud-init v. 22.3.4-0ubuntu1~18.04.1 finished at Thu, 01 Dec 2022 04:58:01 +0000. Datasource DataSourceNoCloud [seed=/dev/sdb][dsmode=net].  Up 67.42 seconds
